2019-05-28 09:02:30,473 [Worker-4: Loading available Gradle versions] INFO  o.e.b.c.i.u.g.PublishedGradleVersions - Gradle version information cache is up-to-date. Trying to read.
2019-05-28 09:15:30,438 [Worker-3: Loading available Gradle versions] INFO  o.e.b.c.i.u.g.PublishedGradleVersions - Gradle version information cache is up-to-date. Trying to read.
2019-05-28 10:27:50,050 [Worker-0: Loading available Gradle versions] INFO  o.e.b.c.i.u.g.PublishedGradleVersions - Gradle version information cache is up-to-date. Trying to read.
2020-07-26 13:25:48,148 [Worker-5: Loading available Gradle versions] INFO  o.e.b.c.i.u.g.PublishedGradleVersions - Gradle version information cache is up-to-date. Trying to read.
2020-07-26 14:09:43,987 [Worker-3: Loading available Gradle versions] INFO  o.e.b.c.i.u.g.PublishedGradleVersions - Gradle version information cache is up-to-date. Trying to read.
2020-08-05 13:36:58,800 [Worker-2: Loading available Gradle versions] INFO  o.e.b.c.i.u.g.PublishedGradleVersions - Gradle version information cache is up-to-date. Trying to read.
2020-08-28 11:15:42,893 [Worker-4: Loading available Gradle versions] INFO  c.g.t.t.d.PublishedGradleVersions - Gradle version information cache is up-to-date. Trying to read.
2020-08-28 11:18:12,311 [Worker-12: Creating project "mvn-m154-crm-web"] INFO  o.e.m.c.i.l.LifecycleMappingFactory - Using org.eclipse.m2e.jdt.JarLifecycleMapping lifecycle mapping for MavenProject: ch.ilv:mvn-m154-crm-web:0.0.1-SNAPSHOT @ C:\Users\Yassin\Desktop\Kompetenznachweis\workspace_M154_knw\mvn-m154-crm-web\pom.xml.
2020-08-28 11:18:13,776 [Worker-12: Creating project "mvn-m154-crm-web"] INFO  o.e.m.j.i.AbstractJavaProjectConfigurator - Adding source folder /mvn-m154-crm-web/src/main/java
2020-08-28 11:18:13,778 [Worker-12: Creating project "mvn-m154-crm-web"] INFO  o.e.m.j.i.AbstractJavaProjectConfigurator - Adding resource folder /mvn-m154-crm-web/src/main/resources
2020-08-28 11:18:13,779 [Worker-12: Creating project "mvn-m154-crm-web"] INFO  o.e.m.j.i.AbstractJavaProjectConfigurator - Adding source folder /mvn-m154-crm-web/src/test/java
2020-08-28 11:18:13,779 [Worker-12: Creating project "mvn-m154-crm-web"] INFO  o.e.m.j.i.AbstractJavaProjectConfigurator - Adding resource folder /mvn-m154-crm-web/src/test/resources
2020-08-28 11:18:14,627 [Worker-2: Building workspace] WARN  o.e.m.c.i.embedder.EclipseLogger - Using platform encoding (Cp1252 actually) to copy filtered resources, i.e. build is platform dependent!
2020-08-28 11:18:14,646 [Worker-2: Building workspace] INFO  o.e.m.c.i.embedder.EclipseLogger - Copying 0 resource
2020-08-28 11:18:14,650 [Worker-2: Building workspace] WARN  o.e.m.c.i.embedder.EclipseLogger - Using platform encoding (Cp1252 actually) to copy filtered resources, i.e. build is platform dependent!
2020-08-28 11:18:14,664 [Worker-2: Building workspace] INFO  o.e.m.c.i.embedder.EclipseLogger - Copying 0 resource
2020-08-28 11:18:39,409 [Worker-13: Building workspace] WARN  o.e.m.c.i.embedder.EclipseLogger - Using platform encoding (Cp1252 actually) to copy filtered resources, i.e. build is platform dependent!
2020-08-28 11:18:39,426 [Worker-13: Building workspace] INFO  o.e.m.c.i.embedder.EclipseLogger - Copying 0 resource
2020-08-28 11:18:39,434 [Worker-13: Building workspace] WARN  o.e.m.c.i.embedder.EclipseLogger - Using platform encoding (Cp1252 actually) to copy filtered resources, i.e. build is platform dependent!
2020-08-28 11:18:39,449 [Worker-13: Building workspace] INFO  o.e.m.c.i.embedder.EclipseLogger - Copying 0 resource
2020-08-28 11:18:43,611 [Worker-1: Building workspace] WARN  o.e.m.c.i.embedder.EclipseLogger - Using platform encoding (Cp1252 actually) to copy filtered resources, i.e. build is platform dependent!
2020-08-28 11:18:43,623 [Worker-1: Building workspace] INFO  o.e.m.c.i.embedder.EclipseLogger - Copying 0 resource
2020-08-28 11:18:43,626 [Worker-1: Building workspace] WARN  o.e.m.c.i.embedder.EclipseLogger - Using platform encoding (Cp1252 actually) to copy filtered resources, i.e. build is platform dependent!
2020-08-28 11:18:43,640 [Worker-1: Building workspace] INFO  o.e.m.c.i.embedder.EclipseLogger - Copying 0 resource
2020-08-28 11:20:53,090 [Worker-0: Creating project "mvn-m154-crm"] INFO  o.e.m.c.i.l.LifecycleMappingFactory - Using org.eclipse.m2e.jdt.JarLifecycleMapping lifecycle mapping for MavenProject: ch.ilv:mvn-m154-crm:0.0.1-SNAPSHOT @ C:\Users\Yassin\Desktop\Kompetenznachweis\workspace_M154_knw\mvn-m154-crm\pom.xml.
2020-08-28 11:20:53,229 [Worker-0: Creating project "mvn-m154-crm"] INFO  o.e.m.j.i.AbstractJavaProjectConfigurator - Adding source folder /mvn-m154-crm/src/main/java
2020-08-28 11:20:53,229 [Worker-0: Creating project "mvn-m154-crm"] INFO  o.e.m.j.i.AbstractJavaProjectConfigurator - Adding resource folder /mvn-m154-crm/src/main/resources
2020-08-28 11:20:53,230 [Worker-0: Creating project "mvn-m154-crm"] INFO  o.e.m.j.i.AbstractJavaProjectConfigurator - Adding source folder /mvn-m154-crm/src/test/java
2020-08-28 11:20:53,231 [Worker-0: Creating project "mvn-m154-crm"] INFO  o.e.m.j.i.AbstractJavaProjectConfigurator - Adding resource folder /mvn-m154-crm/src/test/resources
2020-08-28 11:20:53,653 [Worker-13: Building workspace] WARN  o.e.m.c.i.embedder.EclipseLogger - Using platform encoding (Cp1252 actually) to copy filtered resources, i.e. build is platform dependent!
2020-08-28 11:20:53,667 [Worker-13: Building workspace] INFO  o.e.m.c.i.embedder.EclipseLogger - Copying 0 resource
2020-08-28 11:20:53,673 [Worker-13: Building workspace] WARN  o.e.m.c.i.embedder.EclipseLogger - Using platform encoding (Cp1252 actually) to copy filtered resources, i.e. build is platform dependent!
2020-08-28 11:20:53,695 [Worker-13: Building workspace] INFO  o.e.m.c.i.embedder.EclipseLogger - Copying 0 resource
2020-08-28 11:21:55,724 [Worker-9: Building workspace] INFO  o.e.m.c.i.l.LifecycleMappingFactory - Using org.eclipse.m2e.jdt.JarLifecycleMapping lifecycle mapping for MavenProject: ch.ilv:mvn-m154-crm:0.0.1-SNAPSHOT @ C:\Users\Yassin\Desktop\Kompetenznachweis\workspace_M154_knw\mvn-m154-crm-business\pom.xml.
2020-08-28 11:21:55,815 [Worker-9: Building workspace] WARN  o.e.m.c.i.embedder.EclipseLogger - Using platform encoding (Cp1252 actually) to copy filtered resources, i.e. build is platform dependent!
2020-08-28 11:21:55,825 [Worker-9: Building workspace] INFO  o.e.m.c.i.embedder.EclipseLogger - Copying 0 resource
2020-08-28 11:21:55,827 [Worker-9: Building workspace] WARN  o.e.m.c.i.embedder.EclipseLogger - Using platform encoding (Cp1252 actually) to copy filtered resources, i.e. build is platform dependent!
2020-08-28 11:21:55,835 [Worker-9: Building workspace] INFO  o.e.m.c.i.embedder.EclipseLogger - Copying 0 resource
2020-08-28 11:22:08,759 [Worker-9: Building workspace] WARN  o.e.m.c.i.embedder.EclipseLogger - Using platform encoding (Cp1252 actually) to copy filtered resources, i.e. build is platform dependent!
2020-08-28 11:22:08,772 [Worker-9: Building workspace] INFO  o.e.m.c.i.embedder.EclipseLogger - Copying 0 resource
2020-08-28 11:22:08,774 [Worker-9: Building workspace] WARN  o.e.m.c.i.embedder.EclipseLogger - Using platform encoding (Cp1252 actually) to copy filtered resources, i.e. build is platform dependent!
2020-08-28 11:22:08,790 [Worker-9: Building workspace] INFO  o.e.m.c.i.embedder.EclipseLogger - Copying 0 resource
2020-08-28 11:22:18,778 [Worker-1: Building workspace] WARN  o.e.m.c.i.embedder.EclipseLogger - Using platform encoding (Cp1252 actually) to copy filtered resources, i.e. build is platform dependent!
2020-08-28 11:22:18,789 [Worker-1: Building workspace] INFO  o.e.m.c.i.embedder.EclipseLogger - Copying 0 resource
2020-08-28 11:22:18,791 [Worker-1: Building workspace] WARN  o.e.m.c.i.embedder.EclipseLogger - Using platform encoding (Cp1252 actually) to copy filtered resources, i.e. build is platform dependent!
2020-08-28 11:22:18,800 [Worker-1: Building workspace] INFO  o.e.m.c.i.embedder.EclipseLogger - Copying 0 resource
2020-08-28 11:22:26,911 [Worker-9: Building workspace] WARN  o.e.m.c.i.embedder.EclipseLogger - Using platform encoding (Cp1252 actually) to copy filtered resources, i.e. build is platform dependent!
2020-08-28 11:22:26,924 [Worker-9: Building workspace] INFO  o.e.m.c.i.embedder.EclipseLogger - Copying 0 resource
2020-08-28 11:22:26,928 [Worker-9: Building workspace] WARN  o.e.m.c.i.embedder.EclipseLogger - Using platform encoding (Cp1252 actually) to copy filtered resources, i.e. build is platform dependent!
2020-08-28 11:22:26,942 [Worker-9: Building workspace] INFO  o.e.m.c.i.embedder.EclipseLogger - Copying 0 resource
2020-08-28 11:22:32,066 [Worker-1: Building workspace] WARN  o.e.m.c.i.embedder.EclipseLogger - Using platform encoding (Cp1252 actually) to copy filtered resources, i.e. build is platform dependent!
2020-08-28 11:22:32,080 [Worker-1: Building workspace] INFO  o.e.m.c.i.embedder.EclipseLogger - Copying 0 resource
2020-08-28 11:22:32,082 [Worker-1: Building workspace] WARN  o.e.m.c.i.embedder.EclipseLogger - Using platform encoding (Cp1252 actually) to copy filtered resources, i.e. build is platform dependent!
2020-08-28 11:22:32,095 [Worker-1: Building workspace] INFO  o.e.m.c.i.embedder.EclipseLogger - Copying 0 resource
2020-08-28 11:24:23,704 [Worker-16: Building workspace] INFO  o.e.m.c.i.l.LifecycleMappingFactory - Using org.eclipse.m2e.jdt.JarLifecycleMapping lifecycle mapping for MavenProject: ch.ilv:mvn-m154-crm:0.0.1-SNAPSHOT @ C:\Users\Yassin\Desktop\Kompetenznachweis\workspace_M154_knw\mvn-m154-crm-business\pom.xml.
2020-08-28 11:24:23,881 [Worker-16: Building workspace] INFO  o.e.m.c.i.embedder.EclipseLogger - Using 'UTF-8' encoding to copy filtered resources.
2020-08-28 11:24:23,882 [Worker-16: Building workspace] INFO  o.e.m.c.i.embedder.EclipseLogger - Copying 0 resource
2020-08-28 11:24:23,884 [Worker-16: Building workspace] INFO  o.e.m.c.i.embedder.EclipseLogger - Using 'UTF-8' encoding to copy filtered resources.
2020-08-28 11:24:23,885 [Worker-16: Building workspace] INFO  o.e.m.c.i.embedder.EclipseLogger - Copying 0 resource
2020-08-28 11:24:25,540 [Worker-13: Building workspace] INFO  o.e.m.c.i.embedder.EclipseLogger - Using 'UTF-8' encoding to copy filtered resources.
2020-08-28 11:24:25,541 [Worker-13: Building workspace] INFO  o.e.m.c.i.embedder.EclipseLogger - Copying 0 resource
2020-08-28 11:24:25,543 [Worker-13: Building workspace] INFO  o.e.m.c.i.embedder.EclipseLogger - Using 'UTF-8' encoding to copy filtered resources.
2020-08-28 11:24:25,545 [Worker-13: Building workspace] INFO  o.e.m.c.i.embedder.EclipseLogger - Copying 0 resource
2020-08-28 11:26:37,327 [Worker-13: Launching Executing install in C__Users_Yassin_Desktop_Kompetenznachweis_workspace_M154_knw_mvn-m154-crm-business] INFO  o.e.m.i.launch.MavenLaunchDelegate - C:\Users\Yassin\Desktop\Kompetenznachweis\workspace_M154_knw\mvn-m154-crm-business
2020-08-28 11:26:37,329 [Worker-13: Launching Executing install in C__Users_Yassin_Desktop_Kompetenznachweis_workspace_M154_knw_mvn-m154-crm-business] INFO  o.e.m.i.launch.MavenLaunchDelegate -  mvn -B install
2020-08-28 11:26:45,719 [Worker-13: Building workspace] INFO  o.e.m.c.i.embedder.EclipseLogger - Using 'UTF-8' encoding to copy filtered resources.
2020-08-28 11:26:45,720 [Worker-13: Building workspace] INFO  o.e.m.c.i.embedder.EclipseLogger - Copying 0 resource
2020-08-28 11:26:45,724 [Worker-13: Building workspace] INFO  o.e.m.c.i.embedder.EclipseLogger - Using 'UTF-8' encoding to copy filtered resources.
2020-08-28 11:26:45,724 [Worker-13: Building workspace] INFO  o.e.m.c.i.embedder.EclipseLogger - Copying 0 resource
2020-08-28 11:27:31,877 [Worker-16: Updating Maven Project] INFO  o.e.m.c.i.p.ProjectConfigurationManager - Update started
2020-08-28 11:27:32,049 [Worker-16: Updating Maven Project] INFO  o.e.m.c.i.l.LifecycleMappingFactory - Using org.eclipse.m2e.jdt.JarLifecycleMapping lifecycle mapping for MavenProject: ch.ilv:mvn-m154-crm:0.0.1-SNAPSHOT @ C:\Users\Yassin\Desktop\Kompetenznachweis\workspace_M154_knw\mvn-m154-crm-business\pom.xml.
2020-08-28 11:27:32,156 [Worker-16: Updating Maven Project] WARN  o.e.m.j.i.AbstractJavaProjectConfigurator - Could not determine source level, using default 1.5
2020-08-28 11:27:32,165 [Worker-16: Updating Maven Project] WARN  o.e.m.j.i.AbstractJavaProjectConfigurator - Could not determine target level, using default 1.5
2020-08-28 11:27:32,204 [Worker-16: Updating Maven Project] INFO  o.e.m.j.i.AbstractJavaProjectConfigurator - Adding source folder /mvn-m154-crm-business/src/main/java
2020-08-28 11:27:32,204 [Worker-16: Updating Maven Project] INFO  o.e.m.j.i.AbstractJavaProjectConfigurator - Adding resource folder /mvn-m154-crm-business/src/main/resources
2020-08-28 11:27:32,241 [Worker-16: Updating Maven Project] INFO  o.e.m.j.i.AbstractJavaProjectConfigurator - Adding source folder /mvn-m154-crm-business/src/test/java
2020-08-28 11:27:32,241 [Worker-16: Updating Maven Project] INFO  o.e.m.j.i.AbstractJavaProjectConfigurator - Adding resource folder /mvn-m154-crm-business/src/test/resources
2020-08-28 11:27:32,461 [Worker-16: Updating Maven Project] INFO  o.e.m.c.i.p.ProjectConfigurationManager - Update completed: 0 sec
2020-08-28 11:27:32,811 [Worker-18: Building workspace] INFO  o.e.m.c.i.embedder.EclipseLogger - Using 'UTF-8' encoding to copy filtered resources.
2020-08-28 11:27:32,812 [Worker-18: Building workspace] INFO  o.e.m.c.i.embedder.EclipseLogger - Copying 0 resource
2020-08-28 11:27:32,814 [Worker-18: Building workspace] INFO  o.e.m.c.i.embedder.EclipseLogger - Using 'UTF-8' encoding to copy filtered resources.
2020-08-28 11:27:32,815 [Worker-18: Building workspace] INFO  o.e.m.c.i.embedder.EclipseLogger - Copying 0 resource
2020-08-28 11:27:46,296 [Worker-18: Launching Executing clean in C__Users_Yassin_Desktop_Kompetenznachweis_workspace_M154_knw_mvn-m154-crm-business] INFO  o.e.m.i.launch.MavenLaunchDelegate - C:\Users\Yassin\Desktop\Kompetenznachweis\workspace_M154_knw\mvn-m154-crm-business
2020-08-28 11:27:46,296 [Worker-18: Launching Executing clean in C__Users_Yassin_Desktop_Kompetenznachweis_workspace_M154_knw_mvn-m154-crm-business] INFO  o.e.m.i.launch.MavenLaunchDelegate -  mvn -B clean
2020-08-28 11:27:49,220 [Worker-17: Building workspace] INFO  o.e.m.c.i.embedder.EclipseLogger - Using 'UTF-8' encoding to copy filtered resources.
2020-08-28 11:27:49,221 [Worker-17: Building workspace] INFO  o.e.m.c.i.embedder.EclipseLogger - Copying 0 resource
2020-08-28 11:27:49,223 [Worker-17: Building workspace] INFO  o.e.m.c.i.embedder.EclipseLogger - Using 'UTF-8' encoding to copy filtered resources.
2020-08-28 11:27:49,224 [Worker-17: Building workspace] INFO  o.e.m.c.i.embedder.EclipseLogger - Copying 0 resource
2020-08-28 11:27:57,985 [Worker-16: Launching Executing install in C__Users_Yassin_Desktop_Kompetenznachweis_workspace_M154_knw_mvn-m154-crm-business] INFO  o.e.m.i.launch.MavenLaunchDelegate - C:\Users\Yassin\Desktop\Kompetenznachweis\workspace_M154_knw\mvn-m154-crm-business
2020-08-28 11:27:57,985 [Worker-16: Launching Executing install in C__Users_Yassin_Desktop_Kompetenznachweis_workspace_M154_knw_mvn-m154-crm-business] INFO  o.e.m.i.launch.MavenLaunchDelegate -  mvn -B install
2020-08-28 11:27:57,986 [Worker-16: Launching Executing install in C__Users_Yassin_Desktop_Kompetenznachweis_workspace_M154_knw_mvn-m154-crm-business] WARN  o.e.m.i.l.MavenLaunchExtensionsSupport - Unknown or unsupported source locator org.eclipse.jdt.internal.launching.sourcelookup.advanced.AdvancedSourceLookupDirector
2020-08-28 11:28:04,668 [Worker-13: Building workspace] INFO  o.e.m.c.i.embedder.EclipseLogger - Using 'UTF-8' encoding to copy filtered resources.
2020-08-28 11:28:04,669 [Worker-13: Building workspace] INFO  o.e.m.c.i.embedder.EclipseLogger - Copying 0 resource
2020-08-28 11:28:04,672 [Worker-13: Building workspace] INFO  o.e.m.c.i.embedder.EclipseLogger - Using 'UTF-8' encoding to copy filtered resources.
2020-08-28 11:28:04,673 [Worker-13: Building workspace] INFO  o.e.m.c.i.embedder.EclipseLogger - Copying 0 resource
2020-08-28 11:30:41,615 [Worker-18: Building workspace] INFO  o.e.m.c.i.embedder.EclipseLogger - Using 'UTF-8' encoding to copy filtered resources.
2020-08-28 11:30:41,615 [Worker-18: Building workspace] INFO  o.e.m.c.i.embedder.EclipseLogger - Copying 0 resource
2020-08-28 11:30:41,619 [Worker-18: Building workspace] INFO  o.e.m.c.i.embedder.EclipseLogger - Using 'UTF-8' encoding to copy filtered resources.
2020-08-28 11:30:41,620 [Worker-18: Building workspace] INFO  o.e.m.c.i.embedder.EclipseLogger - Copying 0 resource
2020-08-28 11:32:50,789 [Worker-22: Updating Maven Project] INFO  o.e.m.c.i.p.ProjectConfigurationManager - Update started
2020-08-28 11:32:50,940 [Worker-22: Updating Maven Project] INFO  o.e.m.c.i.l.LifecycleMappingFactory - Using org.eclipse.m2e.jdt.JarLifecycleMapping lifecycle mapping for MavenProject: ch.ilv:mvn-m154-crm:0.0.1-SNAPSHOT @ C:\Users\Yassin\Desktop\Kompetenznachweis\workspace_M154_knw\mvn-m154-crm-business\pom.xml.
2020-08-28 11:32:51,154 [Worker-22: Updating Maven Project] WARN  o.e.m.j.i.AbstractJavaProjectConfigurator - Could not determine source level, using default 1.5
2020-08-28 11:32:51,163 [Worker-22: Updating Maven Project] WARN  o.e.m.j.i.AbstractJavaProjectConfigurator - Could not determine target level, using default 1.5
2020-08-28 11:32:51,174 [Worker-22: Updating Maven Project] INFO  o.e.m.j.i.AbstractJavaProjectConfigurator - Adding source folder /mvn-m154-crm-business/src/main/java
2020-08-28 11:32:51,175 [Worker-22: Updating Maven Project] INFO  o.e.m.j.i.AbstractJavaProjectConfigurator - Adding resource folder /mvn-m154-crm-business/src/main/resources
2020-08-28 11:32:51,176 [Worker-22: Updating Maven Project] INFO  o.e.m.j.i.AbstractJavaProjectConfigurator - Adding source folder /mvn-m154-crm-business/src/test/java
2020-08-28 11:32:51,176 [Worker-22: Updating Maven Project] INFO  o.e.m.j.i.AbstractJavaProjectConfigurator - Adding resource folder /mvn-m154-crm-business/src/test/resources
2020-08-28 11:32:51,310 [Worker-22: Updating Maven Project] INFO  o.e.m.c.i.p.ProjectConfigurationManager - Update completed: 0 sec
2020-08-28 11:32:51,604 [Worker-22: Building workspace] INFO  o.e.m.c.i.embedder.EclipseLogger - Using 'UTF-8' encoding to copy filtered resources.
2020-08-28 11:32:51,604 [Worker-22: Building workspace] INFO  o.e.m.c.i.embedder.EclipseLogger - Copying 0 resource
2020-08-28 11:32:51,606 [Worker-22: Building workspace] INFO  o.e.m.c.i.embedder.EclipseLogger - Using 'UTF-8' encoding to copy filtered resources.
2020-08-28 11:32:51,607 [Worker-22: Building workspace] INFO  o.e.m.c.i.embedder.EclipseLogger - Copying 0 resource
2020-08-28 11:36:31,247 [Worker-23: Launching Executing generate-sources in C__Users_Yassin_Desktop_Kompetenznachweis_workspace_M154_knw_mvn-m154-crm-business] INFO  o.e.m.i.launch.MavenLaunchDelegate - C:\Users\Yassin\Desktop\Kompetenznachweis\workspace_M154_knw\mvn-m154-crm-business
2020-08-28 11:36:31,248 [Worker-23: Launching Executing generate-sources in C__Users_Yassin_Desktop_Kompetenznachweis_workspace_M154_knw_mvn-m154-crm-business] INFO  o.e.m.i.launch.MavenLaunchDelegate -  mvn -B generate-sources
2020-08-28 11:36:44,245 [Worker-24: Launching Executing install in C__Users_Yassin_Desktop_Kompetenznachweis_workspace_M154_knw_mvn-m154-crm-business] INFO  o.e.m.i.launch.MavenLaunchDelegate - C:\Users\Yassin\Desktop\Kompetenznachweis\workspace_M154_knw\mvn-m154-crm-business
2020-08-28 11:36:44,245 [Worker-24: Launching Executing install in C__Users_Yassin_Desktop_Kompetenznachweis_workspace_M154_knw_mvn-m154-crm-business] INFO  o.e.m.i.launch.MavenLaunchDelegate -  mvn -B install
2020-08-28 11:36:50,837 [Worker-26: Building workspace] INFO  o.e.m.c.i.embedder.EclipseLogger - Using 'UTF-8' encoding to copy filtered resources.
2020-08-28 11:36:50,838 [Worker-26: Building workspace] INFO  o.e.m.c.i.embedder.EclipseLogger - Copying 0 resource
2020-08-28 11:36:50,842 [Worker-26: Building workspace] INFO  o.e.m.c.i.embedder.EclipseLogger - Using 'UTF-8' encoding to copy filtered resources.
2020-08-28 11:36:50,844 [Worker-26: Building workspace] INFO  o.e.m.c.i.embedder.EclipseLogger - Copying 0 resource
2020-08-28 11:37:56,102 [Worker-25: Launching Executing clean in C__Users_Yassin_Desktop_Kompetenznachweis_workspace_M154_knw_mvn-m154-crm-business] INFO  o.e.m.i.launch.MavenLaunchDelegate - C:\Users\Yassin\Desktop\Kompetenznachweis\workspace_M154_knw\mvn-m154-crm-business
2020-08-28 11:37:56,103 [Worker-25: Launching Executing clean in C__Users_Yassin_Desktop_Kompetenznachweis_workspace_M154_knw_mvn-m154-crm-business] INFO  o.e.m.i.launch.MavenLaunchDelegate -  mvn -B clean
2020-08-28 11:37:58,892 [Worker-27: Building workspace] INFO  o.e.m.c.i.embedder.EclipseLogger - Using 'UTF-8' encoding to copy filtered resources.
2020-08-28 11:37:58,893 [Worker-27: Building workspace] INFO  o.e.m.c.i.embedder.EclipseLogger - Copying 0 resource
2020-08-28 11:37:58,895 [Worker-27: Building workspace] INFO  o.e.m.c.i.embedder.EclipseLogger - Using 'UTF-8' encoding to copy filtered resources.
2020-08-28 11:37:58,896 [Worker-27: Building workspace] INFO  o.e.m.c.i.embedder.EclipseLogger - Copying 0 resource
2020-08-28 11:38:05,344 [Worker-24: Updating Maven Project] INFO  o.e.m.c.i.p.ProjectConfigurationManager - Update started
2020-08-28 11:38:05,485 [Worker-24: Updating Maven Project] INFO  o.e.m.c.i.l.LifecycleMappingFactory - Using org.eclipse.m2e.jdt.JarLifecycleMapping lifecycle mapping for MavenProject: ch.ilv:mvn-m154-crm:0.0.1-SNAPSHOT @ C:\Users\Yassin\Desktop\Kompetenznachweis\workspace_M154_knw\mvn-m154-crm-business\pom.xml.
2020-08-28 11:38:05,692 [Worker-24: Updating Maven Project] WARN  o.e.m.j.i.AbstractJavaProjectConfigurator - Could not determine source level, using default 1.5
2020-08-28 11:38:05,706 [Worker-24: Updating Maven Project] WARN  o.e.m.j.i.AbstractJavaProjectConfigurator - Could not determine target level, using default 1.5
2020-08-28 11:38:05,721 [Worker-24: Updating Maven Project] INFO  o.e.m.j.i.AbstractJavaProjectConfigurator - Adding source folder /mvn-m154-crm-business/src/main/java
2020-08-28 11:38:05,722 [Worker-24: Updating Maven Project] INFO  o.e.m.j.i.AbstractJavaProjectConfigurator - Adding resource folder /mvn-m154-crm-business/src/main/resources
2020-08-28 11:38:05,724 [Worker-24: Updating Maven Project] INFO  o.e.m.j.i.AbstractJavaProjectConfigurator - Adding source folder /mvn-m154-crm-business/src/test/java
2020-08-28 11:38:05,725 [Worker-24: Updating Maven Project] INFO  o.e.m.j.i.AbstractJavaProjectConfigurator - Adding resource folder /mvn-m154-crm-business/src/test/resources
2020-08-28 11:38:05,892 [Worker-24: Updating Maven Project] INFO  o.e.m.c.i.p.ProjectConfigurationManager - Update completed: 0 sec
2020-08-28 11:38:06,145 [Worker-29: Building workspace] INFO  o.e.m.c.i.embedder.EclipseLogger - Using 'UTF-8' encoding to copy filtered resources.
2020-08-28 11:38:06,146 [Worker-29: Building workspace] INFO  o.e.m.c.i.embedder.EclipseLogger - Copying 0 resource
2020-08-28 11:38:06,148 [Worker-29: Building workspace] INFO  o.e.m.c.i.embedder.EclipseLogger - Using 'UTF-8' encoding to copy filtered resources.
2020-08-28 11:38:06,148 [Worker-29: Building workspace] INFO  o.e.m.c.i.embedder.EclipseLogger - Copying 0 resource
2020-08-28 11:38:16,559 [Worker-25: Launching Executing install in C__Users_Yassin_Desktop_Kompetenznachweis_workspace_M154_knw_mvn-m154-crm-business] INFO  o.e.m.i.launch.MavenLaunchDelegate - C:\Users\Yassin\Desktop\Kompetenznachweis\workspace_M154_knw\mvn-m154-crm-business
2020-08-28 11:38:16,560 [Worker-25: Launching Executing install in C__Users_Yassin_Desktop_Kompetenznachweis_workspace_M154_knw_mvn-m154-crm-business] INFO  o.e.m.i.launch.MavenLaunchDelegate -  mvn -B install
2020-08-28 11:38:21,641 [Worker-28: Building workspace] INFO  o.e.m.c.i.embedder.EclipseLogger - Using 'UTF-8' encoding to copy filtered resources.
2020-08-28 11:38:21,642 [Worker-28: Building workspace] INFO  o.e.m.c.i.embedder.EclipseLogger - Copying 0 resource
2020-08-28 11:38:21,644 [Worker-28: Building workspace] INFO  o.e.m.c.i.embedder.EclipseLogger - Using 'UTF-8' encoding to copy filtered resources.
2020-08-28 11:38:21,644 [Worker-28: Building workspace] INFO  o.e.m.c.i.embedder.EclipseLogger - Copying 0 resource
2020-08-28 12:54:00,424 [Worker-25: Creating project "mvn-m154-crm-persistence"] INFO  o.e.m.c.i.l.LifecycleMappingFactory - Using org.eclipse.m2e.jdt.JarLifecycleMapping lifecycle mapping for MavenProject: ch.ilv:mvn-m154-crm-persistence:0.0.1-SNAPSHOT @ C:\Users\Yassin\Desktop\Kompetenznachweis\workspace_M154_knw\mvn-m154-crm-persistence\pom.xml.
2020-08-28 12:54:00,819 [Worker-25: Creating project "mvn-m154-crm-persistence"] INFO  o.e.m.j.i.AbstractJavaProjectConfigurator - Adding source folder /mvn-m154-crm-persistence/src/main/java
2020-08-28 12:54:00,820 [Worker-25: Creating project "mvn-m154-crm-persistence"] INFO  o.e.m.j.i.AbstractJavaProjectConfigurator - Adding resource folder /mvn-m154-crm-persistence/src/main/resources
2020-08-28 12:54:00,820 [Worker-25: Creating project "mvn-m154-crm-persistence"] INFO  o.e.m.j.i.AbstractJavaProjectConfigurator - Adding source folder /mvn-m154-crm-persistence/src/test/java
2020-08-28 12:54:00,821 [Worker-25: Creating project "mvn-m154-crm-persistence"] INFO  o.e.m.j.i.AbstractJavaProjectConfigurator - Adding resource folder /mvn-m154-crm-persistence/src/test/resources
2020-08-28 12:54:01,247 [Worker-30: Building workspace] WARN  o.e.m.c.i.embedder.EclipseLogger - Using platform encoding (Cp1252 actually) to copy filtered resources, i.e. build is platform dependent!
2020-08-28 12:54:01,259 [Worker-30: Building workspace] INFO  o.e.m.c.i.embedder.EclipseLogger - Copying 0 resource
2020-08-28 12:54:01,261 [Worker-30: Building workspace] WARN  o.e.m.c.i.embedder.EclipseLogger - Using platform encoding (Cp1252 actually) to copy filtered resources, i.e. build is platform dependent!
2020-08-28 12:54:01,274 [Worker-30: Building workspace] INFO  o.e.m.c.i.embedder.EclipseLogger - Copying 0 resource
2020-08-28 12:57:06,816 [Worker-33: Building workspace] INFO  o.e.m.c.i.l.LifecycleMappingFactory - Using org.eclipse.m2e.jdt.JarLifecycleMapping lifecycle mapping for MavenProject: ch.ilv:mvn-m154-crm-web:0.0.1-SNAPSHOT @ C:\Users\Yassin\Desktop\Kompetenznachweis\workspace_M154_knw\mvn-m154-crm-web\pom.xml.
2020-08-28 12:57:06,882 [Worker-33: Building workspace] INFO  o.e.m.c.i.p.WorkspaceClassifierResolverManager - Resolving P/mvn-m154-crm-business: ch.ilv:mvn-m154-crm:0.0.1-SNAPSHOT with classifier  to /mvn-m154-crm-business/target/classes
2020-08-28 12:57:07,269 [Worker-33: Building workspace] WARN  o.e.m.c.i.embedder.EclipseLogger - Using platform encoding (Cp1252 actually) to copy filtered resources, i.e. build is platform dependent!
2020-08-28 12:57:07,277 [Worker-33: Building workspace] INFO  o.e.m.c.i.embedder.EclipseLogger - Copying 0 resource
2020-08-28 12:57:07,280 [Worker-33: Building workspace] WARN  o.e.m.c.i.embedder.EclipseLogger - Using platform encoding (Cp1252 actually) to copy filtered resources, i.e. build is platform dependent!
2020-08-28 12:57:07,288 [Worker-33: Building workspace] INFO  o.e.m.c.i.embedder.EclipseLogger - Copying 0 resource
2020-08-28 12:57:08,773 [Worker-28: Building workspace] INFO  o.e.m.c.i.p.WorkspaceClassifierResolverManager - Resolving P/mvn-m154-crm-business: ch.ilv:mvn-m154-crm:0.0.1-SNAPSHOT with classifier  to /mvn-m154-crm-business/target/classes
2020-08-28 12:57:08,778 [Worker-28: Building workspace] WARN  o.e.m.c.i.embedder.EclipseLogger - Using platform encoding (Cp1252 actually) to copy filtered resources, i.e. build is platform dependent!
2020-08-28 12:57:08,787 [Worker-28: Building workspace] INFO  o.e.m.c.i.embedder.EclipseLogger - Copying 0 resource
2020-08-28 12:57:08,789 [Worker-28: Building workspace] WARN  o.e.m.c.i.embedder.EclipseLogger - Using platform encoding (Cp1252 actually) to copy filtered resources, i.e. build is platform dependent!
2020-08-28 12:57:08,797 [Worker-28: Building workspace] INFO  o.e.m.c.i.embedder.EclipseLogger - Copying 0 resource
2020-08-28 12:59:31,586 [Worker-28: Building workspace] INFO  o.e.m.c.i.l.LifecycleMappingFactory - Using org.eclipse.m2e.jdt.JarLifecycleMapping lifecycle mapping for MavenProject: ch.ilv:mvn-m154-crm:0.0.1-SNAPSHOT @ C:\Users\Yassin\Desktop\Kompetenznachweis\workspace_M154_knw\mvn-m154-crm-business\pom.xml.
2020-08-28 12:59:31,599 [Worker-28: Building workspace] INFO  o.e.m.c.i.p.WorkspaceClassifierResolverManager - Resolving P/mvn-m154-crm-persistence: ch.ilv:mvn-m154-crm-persistence:0.0.1-SNAPSHOT with classifier  to /mvn-m154-crm-persistence/target/classes
2020-08-28 12:59:31,710 [Worker-28: Building workspace] INFO  o.e.m.c.i.l.LifecycleMappingFactory - Using org.eclipse.m2e.jdt.JarLifecycleMapping lifecycle mapping for MavenProject: ch.ilv:mvn-m154-crm-web:0.0.1-SNAPSHOT @ C:\Users\Yassin\Desktop\Kompetenznachweis\workspace_M154_knw\mvn-m154-crm-web\pom.xml.
2020-08-28 12:59:31,716 [Worker-28: Building workspace] INFO  o.e.m.c.i.p.WorkspaceClassifierResolverManager - Resolving P/mvn-m154-crm-business: ch.ilv:mvn-m154-crm:0.0.1-SNAPSHOT with classifier  to /mvn-m154-crm-business/target/classes
2020-08-28 12:59:31,717 [Worker-28: Building workspace] INFO  o.e.m.c.i.p.WorkspaceClassifierResolverManager - Resolving P/mvn-m154-crm-persistence: ch.ilv:mvn-m154-crm-persistence:0.0.1-SNAPSHOT with classifier  to /mvn-m154-crm-persistence/target/classes
2020-08-28 12:59:31,848 [Worker-28: Building workspace] INFO  o.e.m.c.i.embedder.EclipseLogger - Using 'UTF-8' encoding to copy filtered resources.
2020-08-28 12:59:31,848 [Worker-28: Building workspace] INFO  o.e.m.c.i.embedder.EclipseLogger - Copying 0 resource
2020-08-28 12:59:31,849 [Worker-28: Building workspace] INFO  o.e.m.c.i.embedder.EclipseLogger - Using 'UTF-8' encoding to copy filtered resources.
2020-08-28 12:59:31,850 [Worker-28: Building workspace] INFO  o.e.m.c.i.embedder.EclipseLogger - Copying 0 resource
2020-08-28 12:59:31,917 [Worker-28: Building workspace] INFO  o.e.m.c.i.p.WorkspaceClassifierResolverManager - Resolving P/mvn-m154-crm-business: ch.ilv:mvn-m154-crm:0.0.1-SNAPSHOT with classifier  to /mvn-m154-crm-business/target/classes
2020-08-28 12:59:31,918 [Worker-28: Building workspace] INFO  o.e.m.c.i.p.WorkspaceClassifierResolverManager - Resolving P/mvn-m154-crm-persistence: ch.ilv:mvn-m154-crm-persistence:0.0.1-SNAPSHOT with classifier  to /mvn-m154-crm-persistence/target/classes
2020-08-28 12:59:31,921 [Worker-28: Building workspace] WARN  o.e.m.c.i.embedder.EclipseLogger - Using platform encoding (Cp1252 actually) to copy filtered resources, i.e. build is platform dependent!
2020-08-28 12:59:31,931 [Worker-28: Building workspace] INFO  o.e.m.c.i.embedder.EclipseLogger - Copying 0 resource
2020-08-28 12:59:31,933 [Worker-28: Building workspace] WARN  o.e.m.c.i.embedder.EclipseLogger - Using platform encoding (Cp1252 actually) to copy filtered resources, i.e. build is platform dependent!
2020-08-28 12:59:31,941 [Worker-28: Building workspace] INFO  o.e.m.c.i.embedder.EclipseLogger - Copying 0 resource
2020-08-28 12:59:33,293 [Worker-32: Building workspace] INFO  o.e.m.c.i.p.WorkspaceClassifierResolverManager - Resolving P/mvn-m154-crm-persistence: ch.ilv:mvn-m154-crm-persistence:0.0.1-SNAPSHOT with classifier  to /mvn-m154-crm-persistence/target/classes
2020-08-28 12:59:33,297 [Worker-32: Building workspace] INFO  o.e.m.c.i.embedder.EclipseLogger - Using 'UTF-8' encoding to copy filtered resources.
2020-08-28 12:59:33,298 [Worker-32: Building workspace] INFO  o.e.m.c.i.embedder.EclipseLogger - Copying 0 resource
2020-08-28 12:59:33,299 [Worker-32: Building workspace] INFO  o.e.m.c.i.embedder.EclipseLogger - Using 'UTF-8' encoding to copy filtered resources.
2020-08-28 12:59:33,300 [Worker-32: Building workspace] INFO  o.e.m.c.i.embedder.EclipseLogger - Copying 0 resource
2020-08-28 13:00:06,608 [Worker-32: Building workspace] WARN  o.e.m.c.i.embedder.EclipseLogger - Using platform encoding (Cp1252 actually) to copy filtered resources, i.e. build is platform dependent!
2020-08-28 13:00:06,619 [Worker-32: Building workspace] INFO  o.e.m.c.i.embedder.EclipseLogger - Copying 0 resource
2020-08-28 13:00:06,620 [Worker-32: Building workspace] WARN  o.e.m.c.i.embedder.EclipseLogger - Using platform encoding (Cp1252 actually) to copy filtered resources, i.e. build is platform dependent!
2020-08-28 13:00:06,629 [Worker-32: Building workspace] INFO  o.e.m.c.i.embedder.EclipseLogger - Copying 0 resource
2020-08-28 13:02:05,817 [Worker-34: Building workspace] INFO  o.e.m.c.i.l.LifecycleMappingFactory - Using org.eclipse.m2e.jdt.JarLifecycleMapping lifecycle mapping for MavenProject: ch.ilv:mvn-m154-crm-web:0.0.1-SNAPSHOT @ C:\Users\Yassin\Desktop\Kompetenznachweis\workspace_M154_knw\mvn-m154-crm-web\pom.xml.
2020-08-28 13:02:06,790 [Worker-34: Building workspace] INFO  o.e.m.c.i.p.WorkspaceClassifierResolverManager - Resolving P/mvn-m154-crm-business: ch.ilv:mvn-m154-crm:0.0.1-SNAPSHOT with classifier  to /mvn-m154-crm-business/target/classes
2020-08-28 13:02:06,791 [Worker-34: Building workspace] INFO  o.e.m.c.i.p.WorkspaceClassifierResolverManager - Resolving P/mvn-m154-crm-persistence: ch.ilv:mvn-m154-crm-persistence:0.0.1-SNAPSHOT with classifier  to /mvn-m154-crm-persistence/target/classes
2020-08-28 13:02:07,983 [Worker-34: Building workspace] WARN  o.e.m.c.i.embedder.EclipseLogger - Using platform encoding (Cp1252 actually) to copy filtered resources, i.e. build is platform dependent!
2020-08-28 13:02:07,993 [Worker-34: Building workspace] INFO  o.e.m.c.i.embedder.EclipseLogger - Copying 0 resource
2020-08-28 13:02:07,995 [Worker-34: Building workspace] WARN  o.e.m.c.i.embedder.EclipseLogger - Using platform encoding (Cp1252 actually) to copy filtered resources, i.e. build is platform dependent!
2020-08-28 13:02:08,004 [Worker-34: Building workspace] INFO  o.e.m.c.i.embedder.EclipseLogger - Copying 0 resource
2020-08-28 13:02:09,646 [Worker-34: Building workspace] INFO  o.e.m.c.i.p.WorkspaceClassifierResolverManager - Resolving P/mvn-m154-crm-business: ch.ilv:mvn-m154-crm:0.0.1-SNAPSHOT with classifier  to /mvn-m154-crm-business/target/classes
2020-08-28 13:02:09,647 [Worker-34: Building workspace] INFO  o.e.m.c.i.p.WorkspaceClassifierResolverManager - Resolving P/mvn-m154-crm-persistence: ch.ilv:mvn-m154-crm-persistence:0.0.1-SNAPSHOT with classifier  to /mvn-m154-crm-persistence/target/classes
2020-08-28 13:02:09,713 [Worker-34: Building workspace] WARN  o.e.m.c.i.embedder.EclipseLogger - Using platform encoding (Cp1252 actually) to copy filtered resources, i.e. build is platform dependent!
2020-08-28 13:02:09,732 [Worker-34: Building workspace] INFO  o.e.m.c.i.embedder.EclipseLogger - Copying 0 resource
2020-08-28 13:02:09,734 [Worker-34: Building workspace] WARN  o.e.m.c.i.embedder.EclipseLogger - Using platform encoding (Cp1252 actually) to copy filtered resources, i.e. build is platform dependent!
2020-08-28 13:02:09,748 [Worker-34: Building workspace] INFO  o.e.m.c.i.embedder.EclipseLogger - Copying 0 resource
2020-08-28 13:03:46,236 [Worker-38: Building workspace] INFO  o.e.m.c.i.l.LifecycleMappingFactory - Using org.eclipse.m2e.jdt.JarLifecycleMapping lifecycle mapping for MavenProject: ch.ilv:mvn-m154-crm-web:0.0.1-SNAPSHOT @ C:\Users\Yassin\Desktop\Kompetenznachweis\workspace_M154_knw\mvn-m154-crm-web\pom.xml.
2020-08-28 13:03:46,421 [Worker-38: Building workspace] INFO  o.e.m.c.i.p.WorkspaceClassifierResolverManager - Resolving P/mvn-m154-crm-business: ch.ilv:mvn-m154-crm:0.0.1-SNAPSHOT with classifier  to /mvn-m154-crm-business/target/classes
2020-08-28 13:03:46,421 [Worker-38: Building workspace] INFO  o.e.m.c.i.p.WorkspaceClassifierResolverManager - Resolving P/mvn-m154-crm-persistence: ch.ilv:mvn-m154-crm-persistence:0.0.1-SNAPSHOT with classifier  to /mvn-m154-crm-persistence/target/classes
2020-08-28 13:03:46,682 [Worker-38: Building workspace] INFO  o.e.m.c.i.embedder.EclipseLogger - Using 'UTF-8' encoding to copy filtered resources.
2020-08-28 13:03:46,683 [Worker-38: Building workspace] INFO  o.e.m.c.i.embedder.EclipseLogger - Copying 0 resource
2020-08-28 13:03:46,684 [Worker-38: Building workspace] INFO  o.e.m.c.i.embedder.EclipseLogger - Using 'UTF-8' encoding to copy filtered resources.
2020-08-28 13:03:46,685 [Worker-38: Building workspace] INFO  o.e.m.c.i.embedder.EclipseLogger - Copying 0 resource
2020-08-28 13:03:47,915 [Worker-36: Building workspace] INFO  o.e.m.c.i.l.LifecycleMappingFactory - Using org.eclipse.m2e.jdt.JarLifecycleMapping lifecycle mapping for MavenProject: ch.ilv:mvn-m154-crm-persistence:0.0.1-SNAPSHOT @ C:\Users\Yassin\Desktop\Kompetenznachweis\workspace_M154_knw\mvn-m154-crm-persistence\pom.xml.
2020-08-28 13:03:48,019 [Worker-36: Building workspace] INFO  o.e.m.c.i.embedder.EclipseLogger - Using 'UTF-8' encoding to copy filtered resources.
2020-08-28 13:03:48,020 [Worker-36: Building workspace] INFO  o.e.m.c.i.embedder.EclipseLogger - Copying 0 resource
2020-08-28 13:03:48,022 [Worker-36: Building workspace] INFO  o.e.m.c.i.embedder.EclipseLogger - Using 'UTF-8' encoding to copy filtered resources.
2020-08-28 13:03:48,023 [Worker-36: Building workspace] INFO  o.e.m.c.i.embedder.EclipseLogger - Copying 0 resource
2020-08-28 13:18:31,889 [Worker-36: Updating Maven Project] INFO  o.e.m.c.i.p.ProjectConfigurationManager - Update started
2020-08-28 13:18:32,529 [Worker-36: Updating Maven Project] INFO  o.e.m.c.i.l.LifecycleMappingFactory - Using org.eclipse.m2e.jdt.JarLifecycleMapping lifecycle mapping for MavenProject: ch.ilv:mvn-m154-crm:0.0.1-SNAPSHOT @ C:\Users\Yassin\Desktop\Kompetenznachweis\workspace_M154_knw\mvn-m154-crm-business\pom.xml.
2020-08-28 13:18:32,545 [Worker-36: Updating Maven Project] INFO  o.e.m.c.i.p.WorkspaceClassifierResolverManager - Resolving P/mvn-m154-crm-persistence: ch.ilv:mvn-m154-crm-persistence:0.0.1-SNAPSHOT with classifier  to /mvn-m154-crm-persistence/target/classes
2020-08-28 13:18:32,649 [Worker-36: Updating Maven Project] INFO  o.e.m.c.i.l.LifecycleMappingFactory - Using org.eclipse.m2e.jdt.JarLifecycleMapping lifecycle mapping for MavenProject: ch.ilv:mvn-m154-crm-persistence:0.0.1-SNAPSHOT @ C:\Users\Yassin\Desktop\Kompetenznachweis\workspace_M154_knw\mvn-m154-crm-persistence\pom.xml.
2020-08-28 13:18:32,762 [Worker-36: Updating Maven Project] INFO  o.e.m.c.i.l.LifecycleMappingFactory - Using org.eclipse.m2e.jdt.JarLifecycleMapping lifecycle mapping for MavenProject: ch.ilv:mvn-m154-crm-web:0.0.1-SNAPSHOT @ C:\Users\Yassin\Desktop\Kompetenznachweis\workspace_M154_knw\mvn-m154-crm-web\pom.xml.
2020-08-28 13:18:32,898 [Worker-36: Updating Maven Project] INFO  o.e.m.c.i.p.WorkspaceClassifierResolverManager - Resolving P/mvn-m154-crm-business: ch.ilv:mvn-m154-crm:0.0.1-SNAPSHOT with classifier  to /mvn-m154-crm-business/target/classes
2020-08-28 13:18:32,899 [Worker-36: Updating Maven Project] INFO  o.e.m.c.i.p.WorkspaceClassifierResolverManager - Resolving P/mvn-m154-crm-persistence: ch.ilv:mvn-m154-crm-persistence:0.0.1-SNAPSHOT with classifier  to /mvn-m154-crm-persistence/target/classes
2020-08-28 13:18:33,160 [Worker-36: Updating Maven Project] WARN  o.e.m.j.i.AbstractJavaProjectConfigurator - Could not determine source level, using default 1.5
2020-08-28 13:18:33,172 [Worker-36: Updating Maven Project] WARN  o.e.m.j.i.AbstractJavaProjectConfigurator - Could not determine target level, using default 1.5
2020-08-28 13:18:33,302 [Worker-36: Updating Maven Project] INFO  o.e.m.j.i.AbstractJavaProjectConfigurator - Adding source folder /mvn-m154-crm-business/src/main/java
2020-08-28 13:18:33,303 [Worker-36: Updating Maven Project] INFO  o.e.m.j.i.AbstractJavaProjectConfigurator - Adding resource folder /mvn-m154-crm-business/src/main/resources
2020-08-28 13:18:33,304 [Worker-36: Updating Maven Project] INFO  o.e.m.j.i.AbstractJavaProjectConfigurator - Adding source folder /mvn-m154-crm-business/src/test/java
2020-08-28 13:18:33,304 [Worker-36: Updating Maven Project] INFO  o.e.m.j.i.AbstractJavaProjectConfigurator - Adding resource folder /mvn-m154-crm-business/src/test/resources
2020-08-28 13:18:33,364 [Worker-36: Updating Maven Project] WARN  o.e.m.j.i.AbstractJavaProjectConfigurator - Could not determine source level, using default 1.5
2020-08-28 13:18:33,378 [Worker-36: Updating Maven Project] WARN  o.e.m.j.i.AbstractJavaProjectConfigurator - Could not determine target level, using default 1.5
2020-08-28 13:18:33,419 [Worker-36: Updating Maven Project] INFO  o.e.m.j.i.AbstractJavaProjectConfigurator - Adding source folder /mvn-m154-crm-persistence/src/main/java
2020-08-28 13:18:33,420 [Worker-36: Updating Maven Project] INFO  o.e.m.j.i.AbstractJavaProjectConfigurator - Adding resource folder /mvn-m154-crm-persistence/src/main/resources
2020-08-28 13:18:33,440 [Worker-36: Updating Maven Project] INFO  o.e.m.j.i.AbstractJavaProjectConfigurator - Adding source folder /mvn-m154-crm-persistence/src/test/java
2020-08-28 13:18:33,441 [Worker-36: Updating Maven Project] INFO  o.e.m.j.i.AbstractJavaProjectConfigurator - Adding resource folder /mvn-m154-crm-persistence/src/test/resources
2020-08-28 13:18:33,706 [Worker-36: Updating Maven Project] WARN  o.e.m.j.i.AbstractJavaProjectConfigurator - Could not determine source level, using default 1.5
2020-08-28 13:18:33,728 [Worker-36: Updating Maven Project] WARN  o.e.m.j.i.AbstractJavaProjectConfigurator - Could not determine target level, using default 1.5
2020-08-28 13:18:33,773 [Worker-36: Updating Maven Project] INFO  o.e.m.j.i.AbstractJavaProjectConfigurator - Adding source folder /mvn-m154-crm-web/src/main/java
2020-08-28 13:18:33,774 [Worker-36: Updating Maven Project] INFO  o.e.m.j.i.AbstractJavaProjectConfigurator - Adding resource folder /mvn-m154-crm-web/src/main/resources
2020-08-28 13:18:33,797 [Worker-36: Updating Maven Project] INFO  o.e.m.j.i.AbstractJavaProjectConfigurator - Adding source folder /mvn-m154-crm-web/src/test/java
2020-08-28 13:18:33,798 [Worker-36: Updating Maven Project] INFO  o.e.m.j.i.AbstractJavaProjectConfigurator - Adding resource folder /mvn-m154-crm-web/src/test/resources
2020-08-28 13:18:34,260 [Worker-36: Updating Maven Project] INFO  o.e.m.c.i.p.ProjectConfigurationManager - Update completed: 2 sec
2020-08-28 13:18:34,393 [Worker-42: Building workspace] INFO  o.e.m.c.i.p.WorkspaceClassifierResolverManager - Resolving P/mvn-m154-crm-persistence: ch.ilv:mvn-m154-crm-persistence:0.0.1-SNAPSHOT with classifier  to /mvn-m154-crm-persistence/target/classes
2020-08-28 13:18:34,419 [Worker-42: Building workspace] INFO  o.e.m.c.i.embedder.EclipseLogger - Using 'UTF-8' encoding to copy filtered resources.
2020-08-28 13:18:34,420 [Worker-42: Building workspace] INFO  o.e.m.c.i.embedder.EclipseLogger - Copying 0 resource
2020-08-28 13:18:34,423 [Worker-42: Building workspace] INFO  o.e.m.c.i.embedder.EclipseLogger - Using 'UTF-8' encoding to copy filtered resources.
2020-08-28 13:18:34,424 [Worker-42: Building workspace] INFO  o.e.m.c.i.embedder.EclipseLogger - Copying 0 resource
2020-08-28 13:18:34,440 [Worker-42: Building workspace] INFO  o.e.m.c.i.embedder.EclipseLogger - Using 'UTF-8' encoding to copy filtered resources.
2020-08-28 13:18:34,441 [Worker-42: Building workspace] INFO  o.e.m.c.i.embedder.EclipseLogger - Copying 0 resource
2020-08-28 13:18:34,443 [Worker-42: Building workspace] INFO  o.e.m.c.i.embedder.EclipseLogger - Using 'UTF-8' encoding to copy filtered resources.
2020-08-28 13:18:34,444 [Worker-42: Building workspace] INFO  o.e.m.c.i.embedder.EclipseLogger - Copying 0 resource
2020-08-28 13:18:34,795 [Worker-42: Building workspace] INFO  o.e.m.c.i.p.WorkspaceClassifierResolverManager - Resolving P/mvn-m154-crm-business: ch.ilv:mvn-m154-crm:0.0.1-SNAPSHOT with classifier  to /mvn-m154-crm-business/target/classes
2020-08-28 13:18:34,800 [Worker-42: Building workspace] INFO  o.e.m.c.i.p.WorkspaceClassifierResolverManager - Resolving P/mvn-m154-crm-persistence: ch.ilv:mvn-m154-crm-persistence:0.0.1-SNAPSHOT with classifier  to /mvn-m154-crm-persistence/target/classes
2020-08-28 13:18:34,905 [Worker-42: Building workspace] INFO  o.e.m.c.i.embedder.EclipseLogger - Using 'UTF-8' encoding to copy filtered resources.
2020-08-28 13:18:34,905 [Worker-42: Building workspace] INFO  o.e.m.c.i.embedder.EclipseLogger - Copying 0 resource
2020-08-28 13:18:34,907 [Worker-42: Building workspace] INFO  o.e.m.c.i.embedder.EclipseLogger - Using 'UTF-8' encoding to copy filtered resources.
2020-08-28 13:18:34,908 [Worker-42: Building workspace] INFO  o.e.m.c.i.embedder.EclipseLogger - Copying 0 resource
2020-08-28 13:20:07,545 [Worker-45: Launching Executing install in C__Users_Yassin_Desktop_Kompetenznachweis_workspace_M154_knw_mvn-m154-crm-web] INFO  o.e.m.i.launch.MavenLaunchDelegate - C:\Users\Yassin\Desktop\Kompetenznachweis\workspace_M154_knw\mvn-m154-crm-web
2020-08-28 13:20:07,545 [Worker-45: Launching Executing install in C__Users_Yassin_Desktop_Kompetenznachweis_workspace_M154_knw_mvn-m154-crm-web] INFO  o.e.m.i.launch.MavenLaunchDelegate -  mvn -B install
2020-08-28 13:20:33,976 [Worker-41: Launching Executing clean in C__Users_Yassin_Desktop_Kompetenznachweis_workspace_M154_knw_mvn-m154-crm-web] INFO  o.e.m.i.launch.MavenLaunchDelegate - C:\Users\Yassin\Desktop\Kompetenznachweis\workspace_M154_knw\mvn-m154-crm-web
2020-08-28 13:20:33,977 [Worker-41: Launching Executing clean in C__Users_Yassin_Desktop_Kompetenznachweis_workspace_M154_knw_mvn-m154-crm-web] INFO  o.e.m.i.launch.MavenLaunchDelegate -  mvn -B clean
2020-08-28 13:20:37,034 [Worker-41: Building workspace] INFO  o.e.m.c.i.embedder.EclipseLogger - Using 'UTF-8' encoding to copy filtered resources.
2020-08-28 13:20:37,040 [Worker-41: Building workspace] INFO  o.e.m.c.i.embedder.EclipseLogger - Copying 0 resource
2020-08-28 13:20:37,043 [Worker-41: Building workspace] INFO  o.e.m.c.i.embedder.EclipseLogger - Using 'UTF-8' encoding to copy filtered resources.
2020-08-28 13:20:37,046 [Worker-41: Building workspace] INFO  o.e.m.c.i.embedder.EclipseLogger - Copying 0 resource
2020-08-28 13:20:44,202 [Worker-41: Launching Executing install in C__Users_Yassin_Desktop_Kompetenznachweis_workspace_M154_knw_mvn-m154-crm-web] INFO  o.e.m.i.launch.MavenLaunchDelegate - C:\Users\Yassin\Desktop\Kompetenznachweis\workspace_M154_knw\mvn-m154-crm-web
2020-08-28 13:20:44,202 [Worker-41: Launching Executing install in C__Users_Yassin_Desktop_Kompetenznachweis_workspace_M154_knw_mvn-m154-crm-web] INFO  o.e.m.i.launch.MavenLaunchDelegate -  mvn -B install
2020-08-28 13:22:57,685 [Worker-43: Building workspace] INFO  o.e.m.c.i.embedder.EclipseLogger - Using 'UTF-8' encoding to copy filtered resources.
2020-08-28 13:22:57,686 [Worker-43: Building workspace] INFO  o.e.m.c.i.embedder.EclipseLogger - Copying 0 resource
2020-08-28 13:22:57,687 [Worker-43: Building workspace] INFO  o.e.m.c.i.embedder.EclipseLogger - Using 'UTF-8' encoding to copy filtered resources.
2020-08-28 13:22:57,688 [Worker-43: Building workspace] INFO  o.e.m.c.i.embedder.EclipseLogger - Copying 0 resource
2020-08-28 13:22:57,796 [Worker-43: Building workspace] INFO  o.e.m.c.i.l.LifecycleMappingFactory - Using org.eclipse.m2e.jdt.JarLifecycleMapping lifecycle mapping for MavenProject: ch.ilv:mvn-m154-crm-persistence:0.0.1-SNAPSHOT @ C:\Users\Yassin\Desktop\Kompetenznachweis\workspace_M154_knw\mvn-m154-crm-persistence\pom.xml.
2020-08-28 13:22:57,848 [Worker-43: Building workspace] INFO  o.e.m.c.i.embedder.EclipseLogger - Using 'UTF-8' encoding to copy filtered resources.
2020-08-28 13:22:57,848 [Worker-43: Building workspace] INFO  o.e.m.c.i.embedder.EclipseLogger - Copying 0 resource
2020-08-28 13:22:57,849 [Worker-43: Building workspace] INFO  o.e.m.c.i.embedder.EclipseLogger - Using 'UTF-8' encoding to copy filtered resources.
2020-08-28 13:22:57,849 [Worker-43: Building workspace] INFO  o.e.m.c.i.embedder.EclipseLogger - Copying 0 resource
2020-08-28 13:22:57,931 [Worker-43: Building workspace] INFO  o.e.m.c.i.embedder.EclipseLogger - Using 'UTF-8' encoding to copy filtered resources.
2020-08-28 13:22:57,932 [Worker-43: Building workspace] INFO  o.e.m.c.i.embedder.EclipseLogger - Copying 0 resource
2020-08-28 13:22:57,934 [Worker-43: Building workspace] INFO  o.e.m.c.i.embedder.EclipseLogger - Using 'UTF-8' encoding to copy filtered resources.
2020-08-28 13:22:57,934 [Worker-43: Building workspace] INFO  o.e.m.c.i.embedder.EclipseLogger - Copying 0 resource
2020-08-28 13:23:00,201 [Worker-46: Building workspace] INFO  o.e.m.c.i.l.LifecycleMappingFactory - Using org.eclipse.m2e.jdt.JarLifecycleMapping lifecycle mapping for MavenProject: ch.ilv:mvn-m154-crm-web:0.0.1-SNAPSHOT @ C:\Users\Yassin\Desktop\Kompetenznachweis\workspace_M154_knw\mvn-m154-crm-web\pom.xml.
2020-08-28 13:23:00,216 [Worker-46: Building workspace] WARN  o.e.m.c.i.embedder.EclipseLogger - The POM for ch.ilv:mvn-m154-crm-business:jar:0.0.1-SNAPSHOT is missing, no dependency information available
2020-08-28 13:23:00,620 [Worker-46: Building workspace] INFO  o.e.m.c.i.embedder.EclipseLogger - Using 'UTF-8' encoding to copy filtered resources.
2020-08-28 13:23:00,620 [Worker-46: Building workspace] INFO  o.e.m.c.i.embedder.EclipseLogger - Copying 0 resource
2020-08-28 13:23:00,622 [Worker-46: Building workspace] INFO  o.e.m.c.i.embedder.EclipseLogger - Using 'UTF-8' encoding to copy filtered resources.
2020-08-28 13:23:00,623 [Worker-46: Building workspace] INFO  o.e.m.c.i.embedder.EclipseLogger - Copying 0 resource
2020-08-28 13:23:02,349 [Worker-40: Building workspace] INFO  o.e.m.c.i.l.LifecycleMappingFactory - Using org.eclipse.m2e.jdt.JarLifecycleMapping lifecycle mapping for MavenProject: ch.ilv:mvn-m154-crm-business:0.0.1-SNAPSHOT @ C:\Users\Yassin\Desktop\Kompetenznachweis\workspace_M154_knw\mvn-m154-crm-business\pom.xml.
2020-08-28 13:23:02,363 [Worker-40: Building workspace] INFO  o.e.m.c.i.p.WorkspaceClassifierResolverManager - Resolving P/mvn-m154-crm-persistence: ch.ilv:mvn-m154-crm-persistence:0.0.1-SNAPSHOT with classifier  to /mvn-m154-crm-persistence/target/classes
2020-08-28 13:23:02,475 [Worker-40: Building workspace] INFO  o.e.m.c.i.l.LifecycleMappingFactory - Using org.eclipse.m2e.jdt.JarLifecycleMapping lifecycle mapping for MavenProject: ch.ilv:mvn-m154-crm-web:0.0.1-SNAPSHOT @ C:\Users\Yassin\Desktop\Kompetenznachweis\workspace_M154_knw\mvn-m154-crm-web\pom.xml.
2020-08-28 13:23:02,628 [Worker-40: Building workspace] INFO  o.e.m.c.i.p.WorkspaceClassifierResolverManager - Resolving P/mvn-m154-crm-business: ch.ilv:mvn-m154-crm-business:0.0.1-SNAPSHOT with classifier  to /mvn-m154-crm-business/target/classes
2020-08-28 13:23:02,628 [Worker-40: Building workspace] INFO  o.e.m.c.i.p.WorkspaceClassifierResolverManager - Resolving P/mvn-m154-crm-persistence: ch.ilv:mvn-m154-crm-persistence:0.0.1-SNAPSHOT with classifier  to /mvn-m154-crm-persistence/target/classes
2020-08-28 13:23:03,010 [Worker-40: Building workspace] INFO  o.e.m.c.i.embedder.EclipseLogger - Using 'UTF-8' encoding to copy filtered resources.
2020-08-28 13:23:03,010 [Worker-40: Building workspace] INFO  o.e.m.c.i.embedder.EclipseLogger - Copying 0 resource
2020-08-28 13:23:03,011 [Worker-40: Building workspace] INFO  o.e.m.c.i.embedder.EclipseLogger - Using 'UTF-8' encoding to copy filtered resources.
2020-08-28 13:23:03,011 [Worker-40: Building workspace] INFO  o.e.m.c.i.embedder.EclipseLogger - Copying 0 resource
2020-08-28 13:23:03,183 [Worker-40: Building workspace] INFO  o.e.m.c.i.p.WorkspaceClassifierResolverManager - Resolving P/mvn-m154-crm-business: ch.ilv:mvn-m154-crm-business:0.0.1-SNAPSHOT with classifier  to /mvn-m154-crm-business/target/classes
2020-08-28 13:23:03,184 [Worker-40: Building workspace] INFO  o.e.m.c.i.p.WorkspaceClassifierResolverManager - Resolving P/mvn-m154-crm-persistence: ch.ilv:mvn-m154-crm-persistence:0.0.1-SNAPSHOT with classifier  to /mvn-m154-crm-persistence/target/classes
2020-08-28 13:23:03,225 [Worker-40: Building workspace] INFO  o.e.m.c.i.embedder.EclipseLogger - Using 'UTF-8' encoding to copy filtered resources.
2020-08-28 13:23:03,226 [Worker-40: Building workspace] INFO  o.e.m.c.i.embedder.EclipseLogger - Copying 0 resource
2020-08-28 13:23:03,228 [Worker-40: Building workspace] INFO  o.e.m.c.i.embedder.EclipseLogger - Using 'UTF-8' encoding to copy filtered resources.
2020-08-28 13:23:03,228 [Worker-40: Building workspace] INFO  o.e.m.c.i.embedder.EclipseLogger - Copying 0 resource
2020-08-28 13:23:08,319 [Worker-40: Launching Executing install in C__Users_Yassin_Desktop_Kompetenznachweis_workspace_M154_knw_mvn-m154-crm-web] INFO  o.e.m.i.launch.MavenLaunchDelegate - C:\Users\Yassin\Desktop\Kompetenznachweis\workspace_M154_knw\mvn-m154-crm-web
2020-08-28 13:23:08,319 [Worker-40: Launching Executing install in C__Users_Yassin_Desktop_Kompetenznachweis_workspace_M154_knw_mvn-m154-crm-web] INFO  o.e.m.i.launch.MavenLaunchDelegate -  mvn -B install
2020-08-28 13:28:04,370 [Worker-43: Updating Maven Project] INFO  o.e.m.c.i.p.ProjectConfigurationManager - Update started
2020-08-28 13:28:04,499 [Worker-43: Updating Maven Project] INFO  o.e.m.c.i.l.LifecycleMappingFactory - Using org.eclipse.m2e.jdt.JarLifecycleMapping lifecycle mapping for MavenProject: ch.ilv:mvn-m154-crm-business:0.0.1-SNAPSHOT @ C:\Users\Yassin\Desktop\Kompetenznachweis\workspace_M154_knw\mvn-m154-crm-business\pom.xml.
2020-08-28 13:28:04,511 [Worker-43: Updating Maven Project] INFO  o.e.m.c.i.p.WorkspaceClassifierResolverManager - Resolving P/mvn-m154-crm-persistence: ch.ilv:mvn-m154-crm-persistence:0.0.1-SNAPSHOT with classifier  to /mvn-m154-crm-persistence/target/classes
2020-08-28 13:28:04,577 [Worker-43: Updating Maven Project] WARN  o.e.m.j.i.AbstractJavaProjectConfigurator - Could not determine source level, using default 1.5
2020-08-28 13:28:04,587 [Worker-43: Updating Maven Project] WARN  o.e.m.j.i.AbstractJavaProjectConfigurator - Could not determine target level, using default 1.5
2020-08-28 13:28:04,598 [Worker-43: Updating Maven Project] INFO  o.e.m.j.i.AbstractJavaProjectConfigurator - Adding source folder /mvn-m154-crm-business/src/main/java
2020-08-28 13:28:04,598 [Worker-43: Updating Maven Project] INFO  o.e.m.j.i.AbstractJavaProjectConfigurator - Adding resource folder /mvn-m154-crm-business/src/main/resources
2020-08-28 13:28:04,599 [Worker-43: Updating Maven Project] INFO  o.e.m.j.i.AbstractJavaProjectConfigurator - Adding source folder /mvn-m154-crm-business/src/test/java
2020-08-28 13:28:04,599 [Worker-43: Updating Maven Project] INFO  o.e.m.j.i.AbstractJavaProjectConfigurator - Adding resource folder /mvn-m154-crm-business/src/test/resources
2020-08-28 13:28:04,751 [Worker-43: Updating Maven Project] INFO  o.e.m.c.i.p.ProjectConfigurationManager - Update completed: 0 sec
2020-08-28 13:28:05,043 [Worker-47: Building workspace] INFO  o.e.m.c.i.p.WorkspaceClassifierResolverManager - Resolving P/mvn-m154-crm-persistence: ch.ilv:mvn-m154-crm-persistence:0.0.1-SNAPSHOT with classifier  to /mvn-m154-crm-persistence/target/classes
2020-08-28 13:28:05,046 [Worker-47: Building workspace] INFO  o.e.m.c.i.embedder.EclipseLogger - Using 'UTF-8' encoding to copy filtered resources.
2020-08-28 13:28:05,046 [Worker-47: Building workspace] INFO  o.e.m.c.i.embedder.EclipseLogger - Copying 0 resource
2020-08-28 13:28:05,047 [Worker-47: Building workspace] INFO  o.e.m.c.i.embedder.EclipseLogger - Using 'UTF-8' encoding to copy filtered resources.
2020-08-28 13:28:05,048 [Worker-47: Building workspace] INFO  o.e.m.c.i.embedder.EclipseLogger - Copying 0 resource
2020-08-28 13:30:47,318 [Worker-43: Updating Maven Project] INFO  o.e.m.c.i.p.ProjectConfigurationManager - Update started
2020-08-28 13:30:47,429 [Worker-43: Updating Maven Project] INFO  o.e.m.c.i.l.LifecycleMappingFactory - Using org.eclipse.m2e.jdt.JarLifecycleMapping lifecycle mapping for MavenProject: ch.ilv:mvn-m154-crm-persistence:0.0.1-SNAPSHOT @ C:\Users\Yassin\Desktop\Kompetenznachweis\workspace_M154_knw\mvn-m154-crm-persistence\pom.xml.
2020-08-28 13:30:47,470 [Worker-43: Updating Maven Project] WARN  o.e.m.j.i.AbstractJavaProjectConfigurator - Could not determine source level, using default 1.5
2020-08-28 13:30:47,478 [Worker-43: Updating Maven Project] WARN  o.e.m.j.i.AbstractJavaProjectConfigurator - Could not determine target level, using default 1.5
2020-08-28 13:30:47,489 [Worker-43: Updating Maven Project] INFO  o.e.m.j.i.AbstractJavaProjectConfigurator - Adding source folder /mvn-m154-crm-persistence/src/main/java
2020-08-28 13:30:47,490 [Worker-43: Updating Maven Project] INFO  o.e.m.j.i.AbstractJavaProjectConfigurator - Adding resource folder /mvn-m154-crm-persistence/src/main/resources
2020-08-28 13:30:47,490 [Worker-43: Updating Maven Project] INFO  o.e.m.j.i.AbstractJavaProjectConfigurator - Adding source folder /mvn-m154-crm-persistence/src/test/java
2020-08-28 13:30:47,491 [Worker-43: Updating Maven Project] INFO  o.e.m.j.i.AbstractJavaProjectConfigurator - Adding resource folder /mvn-m154-crm-persistence/src/test/resources
2020-08-28 13:30:47,590 [Worker-43: Updating Maven Project] INFO  o.e.m.c.i.p.ProjectConfigurationManager - Update completed: 0 sec
2020-08-28 13:30:47,708 [Worker-49: Building workspace] INFO  o.e.m.c.i.embedder.EclipseLogger - Using 'UTF-8' encoding to copy filtered resources.
2020-08-28 13:30:47,709 [Worker-49: Building workspace] INFO  o.e.m.c.i.embedder.EclipseLogger - Copying 0 resource
2020-08-28 13:30:47,710 [Worker-49: Building workspace] INFO  o.e.m.c.i.embedder.EclipseLogger - Using 'UTF-8' encoding to copy filtered resources.
2020-08-28 13:30:47,711 [Worker-49: Building workspace] INFO  o.e.m.c.i.embedder.EclipseLogger - Copying 0 resource
2020-08-28 13:30:54,940 [Worker-51: Launching Executing clean in C__Users_Yassin_Desktop_Kompetenznachweis_workspace_M154_knw_mvn-m154-crm-business] INFO  o.e.m.i.launch.MavenLaunchDelegate - C:\Users\Yassin\Desktop\Kompetenznachweis\workspace_M154_knw\mvn-m154-crm-business
2020-08-28 13:30:54,940 [Worker-51: Launching Executing clean in C__Users_Yassin_Desktop_Kompetenznachweis_workspace_M154_knw_mvn-m154-crm-business] INFO  o.e.m.i.launch.MavenLaunchDelegate -  mvn -B clean
2020-08-28 13:30:57,928 [Worker-43: Building workspace] INFO  o.e.m.c.i.embedder.EclipseLogger - Using 'UTF-8' encoding to copy filtered resources.
2020-08-28 13:30:57,929 [Worker-43: Building workspace] INFO  o.e.m.c.i.embedder.EclipseLogger - Copying 0 resource
2020-08-28 13:30:57,931 [Worker-43: Building workspace] INFO  o.e.m.c.i.embedder.EclipseLogger - Using 'UTF-8' encoding to copy filtered resources.
2020-08-28 13:30:57,932 [Worker-43: Building workspace] INFO  o.e.m.c.i.embedder.EclipseLogger - Copying 0 resource
2020-08-28 13:30:58,032 [Worker-43: Building workspace] INFO  o.e.m.c.i.embedder.EclipseLogger - Using 'UTF-8' encoding to copy filtered resources.
2020-08-28 13:30:58,034 [Worker-43: Building workspace] INFO  o.e.m.c.i.embedder.EclipseLogger - Copying 0 resource
2020-08-28 13:30:58,035 [Worker-43: Building workspace] INFO  o.e.m.c.i.embedder.EclipseLogger - Using 'UTF-8' encoding to copy filtered resources.
2020-08-28 13:30:58,036 [Worker-43: Building workspace] INFO  o.e.m.c.i.embedder.EclipseLogger - Copying 0 resource
2020-08-28 13:31:02,606 [Worker-52: Launching Executing clean in C__Users_Yassin_Desktop_Kompetenznachweis_workspace_M154_knw_mvn-m154-crm-persistence] INFO  o.e.m.i.launch.MavenLaunchDelegate - C:\Users\Yassin\Desktop\Kompetenznachweis\workspace_M154_knw\mvn-m154-crm-persistence
2020-08-28 13:31:02,607 [Worker-52: Launching Executing clean in C__Users_Yassin_Desktop_Kompetenznachweis_workspace_M154_knw_mvn-m154-crm-persistence] INFO  o.e.m.i.launch.MavenLaunchDelegate -  mvn -B clean
2020-08-28 13:31:05,509 [Worker-53: Building workspace] INFO  o.e.m.c.i.embedder.EclipseLogger - Using 'UTF-8' encoding to copy filtered resources.
2020-08-28 13:31:05,511 [Worker-53: Building workspace] INFO  o.e.m.c.i.embedder.EclipseLogger - Copying 0 resource
2020-08-28 13:31:05,512 [Worker-53: Building workspace] INFO  o.e.m.c.i.embedder.EclipseLogger - Using 'UTF-8' encoding to copy filtered resources.
2020-08-28 13:31:05,513 [Worker-53: Building workspace] INFO  o.e.m.c.i.embedder.EclipseLogger - Copying 0 resource
2020-08-28 13:31:05,523 [Worker-53: Building workspace] INFO  o.e.m.c.i.embedder.EclipseLogger - Using 'UTF-8' encoding to copy filtered resources.
2020-08-28 13:31:05,524 [Worker-53: Building workspace] INFO  o.e.m.c.i.embedder.EclipseLogger - Copying 0 resource
2020-08-28 13:31:05,526 [Worker-53: Building workspace] INFO  o.e.m.c.i.embedder.EclipseLogger - Using 'UTF-8' encoding to copy filtered resources.
2020-08-28 13:31:05,527 [Worker-53: Building workspace] INFO  o.e.m.c.i.embedder.EclipseLogger - Copying 0 resource
2020-08-28 13:31:10,800 [Worker-53: Launching Executing install in C__Users_Yassin_Desktop_Kompetenznachweis_workspace_M154_knw_mvn-m154-crm-web] INFO  o.e.m.i.launch.MavenLaunchDelegate - C:\Users\Yassin\Desktop\Kompetenznachweis\workspace_M154_knw\mvn-m154-crm-web
2020-08-28 13:31:10,800 [Worker-53: Launching Executing install in C__Users_Yassin_Desktop_Kompetenznachweis_workspace_M154_knw_mvn-m154-crm-web] INFO  o.e.m.i.launch.MavenLaunchDelegate -  mvn -B install
2020-08-28 13:31:14,107 [Worker-43: Building workspace] INFO  o.e.m.c.i.embedder.EclipseLogger - Using 'UTF-8' encoding to copy filtered resources.
2020-08-28 13:31:14,108 [Worker-43: Building workspace] INFO  o.e.m.c.i.embedder.EclipseLogger - Copying 0 resource
2020-08-28 13:31:14,109 [Worker-43: Building workspace] INFO  o.e.m.c.i.embedder.EclipseLogger - Using 'UTF-8' encoding to copy filtered resources.
2020-08-28 13:31:14,110 [Worker-43: Building workspace] INFO  o.e.m.c.i.embedder.EclipseLogger - Copying 0 resource
2020-08-28 13:31:18,983 [Worker-52: Launching Executing install in C__Users_Yassin_Desktop_Kompetenznachweis_workspace_M154_knw_mvn-m154-crm-persistence] INFO  o.e.m.i.launch.MavenLaunchDelegate - C:\Users\Yassin\Desktop\Kompetenznachweis\workspace_M154_knw\mvn-m154-crm-persistence
2020-08-28 13:31:18,983 [Worker-52: Launching Executing install in C__Users_Yassin_Desktop_Kompetenznachweis_workspace_M154_knw_mvn-m154-crm-persistence] INFO  o.e.m.i.launch.MavenLaunchDelegate -  mvn -B install
2020-08-28 13:31:25,484 [Worker-53: Building workspace] INFO  o.e.m.c.i.embedder.EclipseLogger - Using 'UTF-8' encoding to copy filtered resources.
2020-08-28 13:31:25,485 [Worker-53: Building workspace] INFO  o.e.m.c.i.embedder.EclipseLogger - Copying 0 resource
2020-08-28 13:31:25,486 [Worker-53: Building workspace] INFO  o.e.m.c.i.embedder.EclipseLogger - Using 'UTF-8' encoding to copy filtered resources.
2020-08-28 13:31:25,487 [Worker-53: Building workspace] INFO  o.e.m.c.i.embedder.EclipseLogger - Copying 0 resource
2020-08-28 13:31:35,729 [Worker-53: Launching Executing install in C__Users_Yassin_Desktop_Kompetenznachweis_workspace_M154_knw_mvn-m154-crm-business] INFO  o.e.m.i.launch.MavenLaunchDelegate - C:\Users\Yassin\Desktop\Kompetenznachweis\workspace_M154_knw\mvn-m154-crm-business
2020-08-28 13:31:35,729 [Worker-53: Launching Executing install in C__Users_Yassin_Desktop_Kompetenznachweis_workspace_M154_knw_mvn-m154-crm-business] INFO  o.e.m.i.launch.MavenLaunchDelegate -  mvn -B install
2020-08-28 13:31:41,285 [Worker-49: Building workspace] INFO  o.e.m.c.i.embedder.EclipseLogger - Using 'UTF-8' encoding to copy filtered resources.
2020-08-28 13:31:41,286 [Worker-49: Building workspace] INFO  o.e.m.c.i.embedder.EclipseLogger - Copying 0 resource
2020-08-28 13:31:41,288 [Worker-49: Building workspace] INFO  o.e.m.c.i.embedder.EclipseLogger - Using 'UTF-8' encoding to copy filtered resources.
2020-08-28 13:31:41,289 [Worker-49: Building workspace] INFO  o.e.m.c.i.embedder.EclipseLogger - Copying 0 resource
2020-08-28 13:44:23,323 [Worker-51: Building workspace] INFO  o.e.m.c.i.l.LifecycleMappingFactory - Using org.eclipse.m2e.jdt.JarLifecycleMapping lifecycle mapping for MavenProject: ch.ilv:mvn-m154-crm-web:0.0.1-SNAPSHOT @ C:\Users\Yassin\Desktop\Kompetenznachweis\workspace_M154_knw\mvn-m154-crm-web\pom.xml.
2020-08-28 13:44:23,440 [Worker-51: Building workspace] INFO  o.e.m.c.i.p.WorkspaceClassifierResolverManager - Resolving P/mvn-m154-crm-business: ch.ilv:mvn-m154-crm-business:0.0.1-SNAPSHOT with classifier  to /mvn-m154-crm-business/target/classes
2020-08-28 13:44:23,440 [Worker-51: Building workspace] INFO  o.e.m.c.i.p.WorkspaceClassifierResolverManager - Resolving P/mvn-m154-crm-persistence: ch.ilv:mvn-m154-crm-persistence:0.0.1-SNAPSHOT with classifier  to /mvn-m154-crm-persistence/target/classes
2020-08-28 13:44:23,602 [Worker-51: Building workspace] INFO  o.e.m.c.i.embedder.EclipseLogger - Using 'UTF-8' encoding to copy filtered resources.
2020-08-28 13:44:23,603 [Worker-51: Building workspace] INFO  o.e.m.c.i.embedder.EclipseLogger - Copying 0 resource
2020-08-28 13:44:23,605 [Worker-51: Building workspace] INFO  o.e.m.c.i.embedder.EclipseLogger - Using 'UTF-8' encoding to copy filtered resources.
2020-08-28 13:44:23,605 [Worker-51: Building workspace] INFO  o.e.m.c.i.embedder.EclipseLogger - Copying 0 resource
2020-08-28 13:44:28,542 [Worker-56: Launching Executing install in C__Users_Yassin_Desktop_Kompetenznachweis_workspace_M154_knw_mvn-m154-crm-web] INFO  o.e.m.i.launch.MavenLaunchDelegate - C:\Users\Yassin\Desktop\Kompetenznachweis\workspace_M154_knw\mvn-m154-crm-web
2020-08-28 13:44:28,542 [Worker-56: Launching Executing install in C__Users_Yassin_Desktop_Kompetenznachweis_workspace_M154_knw_mvn-m154-crm-web] INFO  o.e.m.i.launch.MavenLaunchDelegate -  mvn -B install
